Объединенный Telegram бот запущен.
Успешно подключено к сабреддиту: BoosteroidCommunity
Запуск задачи scan_comments_and_add_to_notion...
Отправляю тестовый отчет...
None
Найден новый комментарий в сабреддите: i did 🗿
Найден новый комментарий в сабреддите: 2 more US locations? Hopefully by NY/NJ
Комментарий от Andrew__Boosteroid игнорируется
Найден новый комментарий в сабреддите: Yeah finally!!!

Polska gurom
Найден новый комментарий в сабреддите: Why can't Microsoft work with guys who made stadia. It flipping worked . Problem it had bringing the software
Найден новый комментарий в сабреддите: please put a server in mexico so that we can also enjoy a lower latency, since the server in the united states has a lower latency.
Найден новый комментарий в сабреддите: I tested on Arch and Fedora and both worked really well. If you're using Fedora just make sure that you install the codecs and also the mesa version that accelerates H264 and H265
Найден новый комментарий в сабреддите: will you open a server in turkey
Найден новый комментарий в сабреддите: Yup!
Найден новый комментарий в сабреддите: 1080p 60 frames second remember stadia was awesome 4k 60 never had issue one bit
Найден новый комментарий в сабреддите: But what does more servers matter if the software continues to randomly push everyone to further servers. GFN has way way more users and yet this never happens.
Найден новый комментарий в сабреддите: Could maybe do with one in the north of the region
Комментарий от Arthur_Boosteroid игнорируется
Задача scan_comments_and_add_to_notion выполнена. Ожидание 3600 секунд...
Night report sent successfully.
